Using config:
{'B_VALIDATION': False,
 'CONFIG_NAME': 'attn2',
 'CUDA': True,
 'DATASET_NAME': 'stair',
 'DATA_DIR': '/data/Users/nakachi/stair/',
 'GAN': {'B_ATTENTION': True,
         'B_DCGAN': False,
         'CONDITION_DIM': 100,
         'DF_DIM': 96,
         'GF_DIM': 48,
         'R_NUM': 3,
         'Z_DIM': 100},
 'GPU_ID': 2,
 'RNN_TYPE': 'LSTM',
 'TEXT': {'CAPTIONS_PER_IMAGE': 5, 'EMBEDDING_DIM': 256, 'WORDS_NUM': 12},
 'TRAIN': {'BATCH_SIZE': 12,
           'B_NET_D': True,
           'DISCRIMINATOR_LR': 0.0002,
           'ENCODER_LR': 0.0002,
           'FLAG': True,
           'GENERATOR_LR': 0.0002,
           'MAX_EPOCH': 120,
           'NET_E': '/home/nakachi/data/stair/AttnGAN/output/stair_DAMSM_2021_12_17_09_57_02/Model/text_encoder95.pth',
           'NET_G': '',
           'RNN_GRAD_CLIP': 0.25,
           'SMOOTH': {'GAMMA1': 4.0,
                      'GAMMA2': 5.0,
                      'GAMMA3': 10.0,
                      'LAMBDA': 50.0},
           'SNAPSHOT_INTERVAL': 5},
 'TREE': {'BASE_SIZE': 64, 'BRANCH_NUM': 3},
 'WORKERS': 2}
Load filenames from: /data/Users/nakachi/stair//train_filenames.pickle (82783)
Load filenames from: /data/Users/nakachi/stair//val_filenames.pickle (40504)
Load from:  /data/Users/nakachi/stair/captions.pickle
Load pretrained model from  https://download.pytorch.org/models/inception_v3_google-1a9a5a14.pth
Load image encoder from: /home/nakachi/data/stair/AttnGAN/output/stair_DAMSM_2021_12_17_09_57_02/Model/image_encoder95.pth
Load text encoder from: /home/nakachi/data/stair/AttnGAN/output/stair_DAMSM_2021_12_17_09_57_02/Model/text_encoder95.pth
# of netsD 3
/home/nakachi/AttnGAN/code/miscc/config.py:103: YAMLLoadWarning: calling yaml.load() without Loader=... is deprecated, as the default Loader is unsafe. Please read https://msg.pyyaml.org/load for full details.
  yaml_cfg = edict(yaml.load(f))
/home/nakachi/miniconda3/envs/env/lib/python3.6/site-packages/torchvision/models/inception.py:77: FutureWarning: The default weight initialization of inception_v3 will be changed in future releases of torchvision. If you wish to keep the old behavior (which leads to long initialization times due to scipy/scipy#11299), please set init_weights=True.
  ' due to scipy/scipy#11299), please set init_weights=True.', FutureWarning)
/home/nakachi/miniconda3/envs/env/lib/python3.6/site-packages/torch/nn/modules/rnn.py:60: UserWarning: dropout option adds dropout after all but last recurrent layer, so non-zero dropout expects num_layers greater than 1, but got dropout=0.5 and num_layers=1
  "num_layers={}".format(dropout, num_layers))
[W TensorIterator.cpp:918] Warning: Mixed memory format inputs detected while calling the operator. The operator will output contiguous tensor even if some of the inputs are in channels_last format. (function operator())
errD0: 0.60 errD1: 0.59 errD2: 0.57 
g_loss0: 9.81 g_loss1: 15.32 g_loss2: 23.56 w_loss: 376.59 s_loss: 270.32 kl_loss: 0.01 
errD0: 0.57 errD1: 0.54 errD2: 0.58 
g_loss0: 10.43 g_loss1: 15.44 g_loss2: 22.66 w_loss: 292.83 s_loss: 224.57 kl_loss: 0.01 
errD0: 0.23 errD1: 0.42 errD2: 0.32 
g_loss0: 14.99 g_loss1: 15.14 g_loss2: 17.88 w_loss: 322.47 s_loss: 279.33 kl_loss: 0.01 
errD0: 0.74 errD1: 0.83 errD2: 0.63 
g_loss0: 12.03 g_loss1: 11.87 g_loss2: 14.60 w_loss: 416.91 s_loss: 276.73 kl_loss: 0.01 
errD0: 0.57 errD1: 0.69 errD2: 0.40 
g_loss0: 13.11 g_loss1: 11.41 g_loss2: 15.97 w_loss: 207.69 s_loss: 244.36 kl_loss: 0.01 
errD0: 0.14 errD1: 0.48 errD2: 0.30 
g_loss0: 10.88 g_loss1: 12.34 g_loss2: 12.65 w_loss: 268.61 s_loss: 178.90 kl_loss: 0.01 
errD0: 0.12 errD1: 0.07 errD2: 0.11 
g_loss0: 13.87 g_loss1: 15.49 g_loss2: 16.34 w_loss: 222.75 s_loss: 184.75 kl_loss: 0.01 
errD0: 0.05 errD1: 0.06 errD2: 0.09 
g_loss0: 17.30 g_loss1: 23.88 g_loss2: 14.69 w_loss: 309.20 s_loss: 199.62 kl_loss: 0.01 
errD0: 0.17 errD1: 0.41 errD2: 0.14 
g_loss0: 18.45 g_loss1: 15.63 g_loss2: 15.00 w_loss: 228.00 s_loss: 205.02 kl_loss: 0.01 
errD0: 0.04 errD1: 0.14 errD2: 0.51 
g_loss0: 13.34 g_loss1: 12.45 g_loss2: 4.47 w_loss: 184.17 s_loss: 191.00 kl_loss: 0.01 
errD0: 0.12 errD1: 0.14 errD2: 0.49 
g_loss0: 14.86 g_loss1: 22.11 g_loss2: 8.66 w_loss: 169.64 s_loss: 130.93 kl_loss: 0.01 
errD0: 0.18 errD1: 0.08 errD2: 0.14 
g_loss0: 20.07 g_loss1: 20.96 g_loss2: 14.27 w_loss: 197.22 s_loss: 169.78 kl_loss: 0.01 
errD0: 0.17 errD1: 0.20 errD2: 0.12 
g_loss0: 10.19 g_loss1: 16.18 g_loss2: 8.99 w_loss: 249.28 s_loss: 186.80 kl_loss: 0.01 
errD0: 0.03 errD1: 0.03 errD2: 0.14 
g_loss0: 15.69 g_loss1: 16.98 g_loss2: 18.74 w_loss: 233.26 s_loss: 169.80 kl_loss: 0.01 
errD0: 0.16 errD1: 0.41 errD2: 0.28 
g_loss0: 17.87 g_loss1: 20.21 g_loss2: 15.52 w_loss: 212.75 s_loss: 188.46 kl_loss: 0.01 
errD0: 0.14 errD1: 0.46 errD2: 0.37 
g_loss0: 16.26 g_loss1: 21.50 g_loss2: 14.08 w_loss: 162.93 s_loss: 156.62 kl_loss: 0.01 
errD0: 0.04 errD1: 0.06 errD2: 0.03 
g_loss0: 14.91 g_loss1: 17.87 g_loss2: 23.02 w_loss: 219.61 s_loss: 178.39 kl_loss: 0.01 
errD0: 0.07 errD1: 0.09 errD2: 0.50 
g_loss0: 19.40 g_loss1: 14.43 g_loss2: 9.87 w_loss: 147.98 s_loss: 132.54 kl_loss: 0.01 
errD0: 0.02 errD1: 0.02 errD2: 0.03 
g_loss0: 19.26 g_loss1: 18.21 g_loss2: 17.81 w_loss: 102.24 s_loss: 113.28 kl_loss: 0.01 
errD0: 0.26 errD1: 0.30 errD2: 0.99 
g_loss0: 16.46 g_loss1: 17.87 g_loss2: 18.44 w_loss: 131.92 s_loss: 120.78 kl_loss: 0.01 
errD0: 0.23 errD1: 0.12 errD2: 0.26 
g_loss0: 15.53 g_loss1: 25.95 g_loss2: 11.23 w_loss: 149.71 s_loss: 128.24 kl_loss: 0.01 
errD0: 0.29 errD1: 0.11 errD2: 0.78 
g_loss0: 19.48 g_loss1: 22.95 g_loss2: 15.33 w_loss: 111.69 s_loss: 114.70 kl_loss: 0.01 
errD0: 0.06 errD1: 0.29 errD2: 0.09 
g_loss0: 21.55 g_loss1: 14.67 g_loss2: 25.55 w_loss: 102.10 s_loss: 146.22 kl_loss: 0.01 
errD0: 0.02 errD1: 0.49 errD2: 0.18 
g_loss0: 11.37 g_loss1: 9.01 g_loss2: 18.19 w_loss: 118.97 s_loss: 108.31 kl_loss: 0.01 
errD0: 0.32 errD1: 0.70 errD2: 0.61 
g_loss0: 23.13 g_loss1: 20.29 g_loss2: 18.98 w_loss: 125.40 s_loss: 123.70 kl_loss: 0.01 
errD0: 0.18 errD1: 0.08 errD2: 1.13 
g_loss0: 11.72 g_loss1: 15.95 g_loss2: 23.40 w_loss: 67.86 s_loss: 101.25 kl_loss: 0.01 
errD0: 0.14 errD1: 0.14 errD2: 0.07 
g_loss0: 23.65 g_loss1: 17.78 g_loss2: 30.62 w_loss: 105.71 s_loss: 84.65 kl_loss: 0.01 
errD0: 0.06 errD1: 0.18 errD2: 0.70 
g_loss0: 22.74 g_loss1: 12.71 g_loss2: 19.09 w_loss: 57.65 s_loss: 63.85 kl_loss: 0.01 
errD0: 0.05 errD1: 0.05 errD2: 0.01 
g_loss0: 14.87 g_loss1: 20.05 g_loss2: 20.52 w_loss: 131.55 s_loss: 79.61 kl_loss: 0.01 
errD0: 0.08 errD1: 0.09 errD2: 0.05 
g_loss0: 20.98 g_loss1: 17.44 g_loss2: 20.83 w_loss: 73.80 s_loss: 109.00 kl_loss: 0.01 
errD0: 0.07 errD1: 0.38 errD2: 0.22 
g_loss0: 9.87 g_loss1: 16.77 g_loss2: 22.89 w_loss: 106.50 s_loss: 98.17 kl_loss: 0.01 
errD0: 0.06 errD1: 0.15 errD2: 0.09 
g_loss0: 19.77 g_loss1: 22.76 g_loss2: 14.84 w_loss: 87.41 s_loss: 122.13 kl_loss: 0.01 
errD0: 0.02 errD1: 0.17 errD2: 0.10 
g_loss0: 14.57 g_loss1: 10.72 g_loss2: 17.25 w_loss: 108.39 s_loss: 89.09 kl_loss: 0.01 
errD0: 0.14 errD1: 0.15 errD2: 0.32 
g_loss0: 15.55 g_loss1: 31.18 g_loss2: 19.12 w_loss: 118.07 s_loss: 96.88 kl_loss: 0.01 
errD0: 0.00 errD1: 0.03 errD2: 0.20 
g_loss0: 16.03 g_loss1: 12.75 g_loss2: 13.43 w_loss: 74.52 s_loss: 89.46 kl_loss: 0.01 
errD0: 0.08 errD1: 0.04 errD2: 0.03 
g_loss0: 13.25 g_loss1: 15.73 g_loss2: 29.48 w_loss: 92.46 s_loss: 116.27 kl_loss: 0.01 
errD0: 0.22 errD1: 0.17 errD2: 0.06 
g_loss0: 8.89 g_loss1: 7.27 g_loss2: 26.56 w_loss: 87.16 s_loss: 100.86 kl_loss: 0.01 
errD0: 0.01 errD1: 0.51 errD2: 0.01 
g_loss0: 16.54 g_loss1: 27.12 g_loss2: 14.31 w_loss: 82.29 s_loss: 84.74 kl_loss: 0.01 
errD0: 0.24 errD1: 0.06 errD2: 2.22 
g_loss0: 17.42 g_loss1: 16.79 g_loss2: 20.09 w_loss: 54.26 s_loss: 80.94 kl_loss: 0.01 
errD0: 0.15 errD1: 0.11 errD2: 0.31 
g_loss0: 18.09 g_loss1: 13.73 g_loss2: 16.75 w_loss: 36.68 s_loss: 81.18 kl_loss: 0.01 
errD0: 0.11 errD1: 0.01 errD2: 0.03 
g_loss0: 11.83 g_loss1: 15.03 g_loss2: 11.44 w_loss: 23.73 s_loss: 45.05 kl_loss: 0.01 
errD0: 0.02 errD1: 0.14 errD2: 0.03 
g_loss0: 17.70 g_loss1: 13.26 g_loss2: 21.38 w_loss: 101.23 s_loss: 103.19 kl_loss: 0.01 
errD0: 0.01 errD1: 0.01 errD2: 0.15 
g_loss0: 23.17 g_loss1: 14.44 g_loss2: 24.52 w_loss: 71.02 s_loss: 106.88 kl_loss: 0.01 
errD0: 0.02 errD1: 0.18 errD2: 1.25 
g_loss0: 19.83 g_loss1: 10.41 g_loss2: 8.37 w_loss: 40.80 s_loss: 95.26 kl_loss: 0.02 
errD0: 0.14 errD1: 0.24 errD2: 0.22 
g_loss0: 13.88 g_loss1: 13.20 g_loss2: 14.50 w_loss: 32.29 s_loss: 63.61 kl_loss: 0.01 
errD0: 0.02 errD1: 0.05 errD2: 0.03 
g_loss0: 21.04 g_loss1: 19.35 g_loss2: 18.84 w_loss: 63.79 s_loss: 97.33 kl_loss: 0.01 
errD0: 0.13 errD1: 0.20 errD2: 0.11 
g_loss0: 17.35 g_loss1: 24.44 g_loss2: 21.37 w_loss: 25.57 s_loss: 63.92 kl_loss: 0.01 
errD0: 0.30 errD1: 0.68 errD2: 0.07 
g_loss0: 21.20 g_loss1: 17.52 g_loss2: 15.53 w_loss: 59.78 s_loss: 78.21 kl_loss: 0.01 
errD0: 0.01 errD1: 0.05 errD2: 0.01 
g_loss0: 11.17 g_loss1: 14.23 g_loss2: 14.96 w_loss: 45.51 s_loss: 80.82 kl_loss: 0.01 
errD0: 0.01 errD1: 0.02 errD2: 0.01 
g_loss0: 15.93 g_loss1: 16.30 g_loss2: 14.81 w_loss: 34.03 s_loss: 82.13 kl_loss: 0.01 
errD0: 0.01 errD1: 0.01 errD2: 0.02 
g_loss0: 13.71 g_loss1: 21.58 g_loss2: 11.59 w_loss: 20.70 s_loss: 37.97 kl_loss: 0.01 
errD0: 0.01 errD1: 0.87 errD2: 0.18 
g_loss0: 15.44 g_loss1: 3.11 g_loss2: 14.00 w_loss: 63.92 s_loss: 72.04 kl_loss: 0.01 
errD0: 0.07 errD1: 0.10 errD2: 0.44 
g_loss0: 22.50 g_loss1: 5.46 g_loss2: 13.94 w_loss: 31.06 s_loss: 77.91 kl_loss: 0.02 
errD0: 0.08 errD1: 0.01 errD2: 0.02 
g_loss0: 19.26 g_loss1: 15.33 g_loss2: 8.18 w_loss: 49.40 s_loss: 62.64 kl_loss: 0.01 
errD0: 0.09 errD1: 0.03 errD2: 0.00 
g_loss0: 13.57 g_loss1: 11.25 g_loss2: 20.21 w_loss: 96.72 s_loss: 76.35 kl_loss: 0.02 
errD0: 0.69 errD1: 0.54 errD2: 0.21 
g_loss0: 19.36 g_loss1: 11.55 g_loss2: 20.63 w_loss: 49.38 s_loss: 65.71 kl_loss: 0.01 
errD0: 0.00 errD1: 1.36 errD2: 0.10 
g_loss0: 17.91 g_loss1: 25.84 g_loss2: 29.49 w_loss: 45.97 s_loss: 68.23 kl_loss: 0.01 
errD0: 0.01 errD1: 0.01 errD2: 0.20 
g_loss0: 15.81 g_loss1: 18.24 g_loss2: 19.69 w_loss: 28.40 s_loss: 38.34 kl_loss: 0.01 
errD0: 0.03 errD1: 0.06 errD2: 0.03 
g_loss0: 10.53 g_loss1: 22.94 g_loss2: 11.29 w_loss: 56.00 s_loss: 80.77 kl_loss: 0.01 
errD0: 0.01 errD1: 0.01 errD2: 0.15 
g_loss0: 22.77 g_loss1: 15.44 g_loss2: 15.22 w_loss: 49.59 s_loss: 74.27 kl_loss: 0.02 
errD0: 0.01 errD1: 0.00 errD2: 0.01 
g_loss0: 15.83 g_loss1: 17.81 g_loss2: 16.02 w_loss: 19.14 s_loss: 38.89 kl_loss: 0.02 
errD0: 0.04 errD1: 0.25 errD2: 0.08 
g_loss0: 12.65 g_loss1: 5.85 g_loss2: 18.35 w_loss: 25.20 s_loss: 56.10 kl_loss: 0.01 
errD0: 0.13 errD1: 0.12 errD2: 0.03 
g_loss0: 25.41 g_loss1: 12.16 g_loss2: 30.28 w_loss: 46.53 s_loss: 80.39 kl_loss: 0.01 
errD0: 0.09 errD1: 0.06 errD2: 2.29 
g_loss0: 23.77 g_loss1: 12.39 g_loss2: 6.28 w_loss: 58.62 s_loss: 52.69 kl_loss: 0.02 
errD0: 0.00 errD1: 0.00 errD2: 0.00 
g_loss0: 16.96 g_loss1: 16.91 g_loss2: 17.15 w_loss: 80.51 s_loss: 68.18 kl_loss: 0.02 
errD0: 0.00 errD1: 0.14 errD2: 0.00 
g_loss0: 20.70 g_loss1: 28.36 g_loss2: 21.08 w_loss: 42.59 s_loss: 66.70 kl_loss: 0.02 
errD0: 0.00 errD1: 0.01 errD2: 0.04 
g_loss0: 18.95 g_loss1: 11.50 g_loss2: 8.86 w_loss: 16.38 s_loss: 52.01 kl_loss: 0.02 
errD0: 0.48 errD1: 0.05 errD2: 0.37 
g_loss0: 10.09 g_loss1: 16.04 g_loss2: 8.93 w_loss: 23.39 s_loss: 38.46 kl_loss: 0.02 
[0/120][6898]
                  Loss_D: 0.15 Loss_G: 178.83 Time: 4969.88s
Save G/Ds models.
/home/nakachi/AttnGAN/code/miscc/losses.py:125: UserWarning: masked_fill_ received a mask with dtype torch.uint8, this behavior is now deprecated,please use a mask with dtype torch.bool instead. (Triggered internally at  /opt/conda/conda-bld/pytorch_1595629427286/work/aten/src/ATen/native/cuda/LegacyDefinitions.cpp:19.)
  similarities.data.masked_fill_(masks, -float('inf'))
/home/nakachi/AttnGAN/code/miscc/losses.py:52: UserWarning: masked_fill_ received a mask with dtype torch.uint8, this behavior is now deprecated,please use a mask with dtype torch.bool instead. (Triggered internally at  /opt/conda/conda-bld/pytorch_1595629427286/work/aten/src/ATen/native/cuda/LegacyDefinitions.cpp:19.)
  scores0.data.masked_fill_(masks, -float('inf'))
/home/nakachi/AttnGAN/code/trainer.py:301: UserWarning: This overload of add_ is deprecated:
	add_(Number alpha, Tensor other)
Consider using one of the following signatures instead:
	add_(Tensor other, *, Number alpha) (Triggered internally at  /opt/conda/conda-bld/pytorch_1595629427286/work/torch/csrc/utils/python_arg_parser.cpp:766.)
  avg_p.mul_(0.999).add_(0.001, p.data)
errD0: 0.03 errD1: 0.10 errD2: 0.38 
g_loss0: 19.77 g_loss1: 19.52 g_loss2: 12.31 w_loss: 18.55 s_loss: 43.20 kl_loss: 0.02 
errD0: 0.03 errD1: 0.03 errD2: 0.03 
g_loss0: 17.92 g_loss1: 23.51 g_loss2: 18.91 w_loss: 60.65 s_loss: 72.78 kl_loss: 0.01 
errD0: 0.01 errD1: 0.01 errD2: 0.01 
g_loss0: 15.59 g_loss1: 15.92 g_loss2: 17.41 w_loss: 16.35 s_loss: 41.07 kl_loss: 0.02 
errD0: 0.00 errD1: 0.02 errD2: 0.08 
g_loss0: 22.14 g_loss1: 30.93 g_loss2: 19.26 w_loss: 70.35 s_loss: 72.24 kl_loss: 0.02 
errD0: 0.21 errD1: 0.02 errD2: 0.00 
g_loss0: 13.62 g_loss1: 14.42 g_loss2: 18.15 w_loss: 44.10 s_loss: 57.58 kl_loss: 0.02 
errD0: 0.05 errD1: 0.02 errD2: 0.02 
g_loss0: 12.52 g_loss1: 30.81 g_loss2: 13.77 w_loss: 31.53 s_loss: 49.48 kl_loss: 0.02 
errD0: 0.01 errD1: 0.00 errD2: 0.01 
g_loss0: 17.57 g_loss1: 30.15 g_loss2: 15.69 w_loss: 17.43 s_loss: 50.85 kl_loss: 0.02 
errD0: 0.02 errD1: 0.12 errD2: 0.11 
g_loss0: 15.01 g_loss1: 13.78 g_loss2: 18.52 w_loss: 13.53 s_loss: 39.32 kl_loss: 0.02 
errD0: 0.03 errD1: 0.04 errD2: 0.12 
g_loss0: 14.17 g_loss1: 19.71 g_loss2: 10.32 w_loss: 26.49 s_loss: 45.67 kl_loss: 0.02 
errD0: 0.02 errD1: 0.20 errD2: 0.01 
g_loss0: 12.48 g_loss1: 14.60 g_loss2: 15.12 w_loss: 45.85 s_loss: 73.64 kl_loss: 0.02 
errD0: 0.06 errD1: 0.82 errD2: 0.06 
g_loss0: 14.25 g_loss1: 0.01 g_loss2: 20.99 w_loss: 41.12 s_loss: 50.12 kl_loss: 0.02 
errD0: 0.14 errD1: 0.03 errD2: 0.06 
g_loss0: 16.27 g_loss1: 10.64 g_loss2: 20.84 w_loss: 23.52 s_loss: 37.23 kl_loss: 0.02 
errD0: 0.00 errD1: 0.01 errD2: 0.00 
g_loss0: 20.05 g_loss1: 25.21 g_loss2: 21.99 w_loss: 35.32 s_loss: 50.39 kl_loss: 0.02 
errD0: 0.81 errD1: 0.11 errD2: 0.00 
g_loss0: 16.06 g_loss1: 13.84 g_loss2: 24.05 w_loss: 13.31 s_loss: 31.53 kl_loss: 0.02 
errD0: 0.00 errD1: 0.00 errD2: 1.05 
g_loss0: 24.67 g_loss1: 19.45 g_loss2: 0.44 w_loss: 33.49 s_loss: 48.34 kl_loss: 0.03 
errD0: 0.02 errD1: 0.14 errD2: 0.10 
g_loss0: 17.68 g_loss1: 21.59 g_loss2: 21.20 w_loss: 36.32 s_loss: 36.28 kl_loss: 0.02 
errD0: 0.01 errD1: 0.05 errD2: 0.33 
g_loss0: 19.24 g_loss1: 16.93 g_loss2: 13.88 w_loss: 24.61 s_loss: 43.91 kl_loss: 0.03 
errD0: 0.02 errD1: 1.06 errD2: 0.14 
g_loss0: 28.38 g_loss1: 25.57 g_loss2: 15.21 w_loss: 59.73 s_loss: 61.69 kl_loss: 0.02 
errD0: 0.32 errD1: 0.01 errD2: 0.00 
g_loss0: 16.62 g_loss1: 24.68 g_loss2: 15.86 w_loss: 25.40 s_loss: 51.62 kl_loss: 0.03 
errD0: 0.00 errD1: 0.66 errD2: 0.35 
g_loss0: 13.52 g_loss1: 4.09 g_loss2: 24.89 w_loss: 38.57 s_loss: 44.27 kl_loss: 0.03 
errD0: 0.01 errD1: 0.05 errD2: 0.10 
g_loss0: 18.96 g_loss1: 17.85 g_loss2: 19.64 w_loss: 40.99 s_loss: 71.96 kl_loss: 0.03 
errD0: 0.37 errD1: 1.32 errD2: 0.08 
g_loss0: 9.96 g_loss1: 27.25 g_loss2: 31.47 w_loss: 71.58 s_loss: 32.81 kl_loss: 0.03 
errD0: 0.37 errD1: 0.35 errD2: 1.49 
g_loss0: 9.21 g_loss1: 13.41 g_loss2: 0.50 w_loss: 30.22 s_loss: 50.14 kl_loss: 0.02 
errD0: 0.03 errD1: 0.02 errD2: 0.01 
g_loss0: 15.07 g_loss1: 16.06 g_loss2: 35.88 w_loss: 45.89 s_loss: 54.36 kl_loss: 0.03 
errD0: 0.08 errD1: 0.62 errD2: 0.04 
g_loss0: 16.20 g_loss1: 13.39 g_loss2: 22.07 w_loss: 21.57 s_loss: 52.13 kl_loss: 0.02 
errD0: 0.09 errD1: 0.56 errD2: 0.28 
g_loss0: 15.83 g_loss1: 17.51 g_loss2: 19.28 w_loss: 62.83 s_loss: 50.67 kl_loss: 0.03 
errD0: 0.59 errD1: 0.21 errD2: 0.03 
g_loss0: 34.49 g_loss1: 4.72 g_loss2: 11.91 w_loss: 67.89 s_loss: 63.70 kl_loss: 0.02 
errD0: 0.00 errD1: 0.02 errD2: 0.00 
g_loss0: 19.62 g_loss1: 12.28 g_loss2: 22.44 w_loss: 30.04 s_loss: 47.45 kl_loss: 0.03 
errD0: 0.01 errD1: 0.27 errD2: 0.02 
g_loss0: 12.12 g_loss1: 8.94 g_loss2: 23.49 w_loss: 17.59 s_loss: 45.17 kl_loss: 0.03 
errD0: 1.54 errD1: 0.31 errD2: 1.08 
g_loss0: 13.05 g_loss1: 11.22 g_loss2: 16.54 w_loss: 19.35 s_loss: 35.21 kl_loss: 0.03 
errD0: 0.03 errD1: 1.27 errD2: 2.86 
g_loss0: 13.60 g_loss1: 7.53 g_loss2: 13.63 w_loss: 21.33 s_loss: 45.72 kl_loss: 0.04 
errD0: 0.01 errD1: 0.72 errD2: 0.01 
g_loss0: 12.59 g_loss1: 17.03 g_loss2: 10.50 w_loss: 10.75 s_loss: 49.72 kl_loss: 0.03 
errD0: 0.01 errD1: 0.23 errD2: 0.02 
g_loss0: 9.94 g_loss1: 18.15 g_loss2: 13.72 w_loss: 27.19 s_loss: 47.38 kl_loss: 0.03 
errD0: 0.00 errD1: 0.01 errD2: 0.05 
g_loss0: 14.28 g_loss1: 18.72 g_loss2: 11.65 w_loss: 32.50 s_loss: 44.44 kl_loss: 0.04 
errD0: 0.01 errD1: 0.02 errD2: 0.04 
g_loss0: 27.78 g_loss1: 16.52 g_loss2: 12.18 w_loss: 65.84 s_loss: 95.45 kl_loss: 0.02 
errD0: 0.04 errD1: 0.00 errD2: 0.04 
g_loss0: 16.64 g_loss1: 13.82 g_loss2: 31.89 w_loss: 5.94 s_loss: 19.34 kl_loss: 0.02 
errD0: 0.02 errD1: 0.13 errD2: 0.79 
g_loss0: 15.89 g_loss1: 14.39 g_loss2: 0.60 w_loss: 60.84 s_loss: 61.75 kl_loss: 0.03 
errD0: 0.02 errD1: 0.05 errD2: 3.83 
g_loss0: 10.52 g_loss1: 12.74 g_loss2: 1.48 w_loss: 55.28 s_loss: 61.61 kl_loss: 0.03 
errD0: 0.04 errD1: 0.01 errD2: 0.80 
g_loss0: 12.96 g_loss1: 16.10 g_loss2: 0.18 w_loss: 42.69 s_loss: 61.76 kl_loss: 0.03 
errD0: 0.03 errD1: 0.00 errD2: 0.02 
g_loss0: 12.75 g_loss1: 14.63 g_loss2: 13.99 w_loss: 45.63 s_loss: 34.64 kl_loss: 0.03 
errD0: 0.10 errD1: 0.13 errD2: 0.02 
g_loss0: 17.00 g_loss1: 28.52 g_loss2: 16.42 w_loss: 23.07 s_loss: 38.76 kl_loss: 0.04 
errD0: 0.01 errD1: 0.02 errD2: 0.53 
g_loss0: 27.16 g_loss1: 31.49 g_loss2: 17.02 w_loss: 27.15 s_loss: 67.83 kl_loss: 0.04 
errD0: 0.08 errD1: 2.30 errD2: 0.01 
g_loss0: 10.27 g_loss1: 33.97 g_loss2: 24.30 w_loss: 36.05 s_loss: 75.64 kl_loss: 0.03 
errD0: 0.61 errD1: 0.61 errD2: 0.05 
g_loss0: 17.91 g_loss1: 19.97 g_loss2: 17.81 w_loss: 46.54 s_loss: 81.29 kl_loss: 0.02 
errD0: 0.00 errD1: 0.00 errD2: 0.03 
g_loss0: 22.93 g_loss1: 24.59 g_loss2: 22.65 w_loss: 8.41 s_loss: 18.15 kl_loss: 0.04 
errD0: 0.06 errD1: 0.02 errD2: 0.01 
g_loss0: 14.45 g_loss1: 11.76 g_loss2: 19.73 w_loss: 16.43 s_loss: 28.33 kl_loss: 0.04 
errD0: 0.01 errD1: 0.00 errD2: 0.05 
g_loss0: 12.24 g_loss1: 19.92 g_loss2: 17.84 w_loss: 38.82 s_loss: 70.19 kl_loss: 0.04 
errD0: 0.26 errD1: 0.09 errD2: 0.79 
g_loss0: 9.06 g_loss1: 15.35 g_loss2: 22.74 w_loss: 48.60 s_loss: 46.53 kl_loss: 0.03 
errD0: 0.01 errD1: 0.02 errD2: 0.03 
g_loss0: 13.98 g_loss1: 18.44 g_loss2: 14.02 w_loss: 25.03 s_loss: 34.01 kl_loss: 0.04 
errD0: 0.07 errD1: 0.39 errD2: 0.06 
g_loss0: 27.51 g_loss1: 14.61 g_loss2: 13.39 w_loss: 39.36 s_loss: 46.33 kl_loss: 0.03 
errD0: 0.02 errD1: 0.00 errD2: 0.01 
g_loss0: 12.82 g_loss1: 20.20 g_loss2: 16.50 w_loss: 21.51 s_loss: 51.57 kl_loss: 0.03 
errD0: 0.09 errD1: 0.06 errD2: 0.01 
g_loss0: 10.24 g_loss1: 13.85 g_loss2: 21.03 w_loss: 36.75 s_loss: 43.90 kl_loss: 0.03 
errD0: 0.00 errD1: 0.00 errD2: 0.01 
g_loss0: 22.42 g_loss1: 17.59 g_loss2: 15.44 w_loss: 15.36 s_loss: 48.84 kl_loss: 0.03 
errD0: 0.11 errD1: 0.04 errD2: 0.16 
g_loss0: 13.07 g_loss1: 18.30 g_loss2: 18.07 w_loss: 40.73 s_loss: 36.39 kl_loss: 0.04 
errD0: 0.00 errD1: 0.00 errD2: 0.01 
g_loss0: 28.46 g_loss1: 19.82 g_loss2: 14.21 w_loss: 39.06 s_loss: 52.03 kl_loss: 0.05 
errD0: 0.01 errD1: 0.04 errD2: 0.00 
g_loss0: 21.10 g_loss1: 26.89 g_loss2: 15.87 w_loss: 24.64 s_loss: 60.10 kl_loss: 0.03 
errD0: 0.01 errD1: 0.00 errD2: 0.03 
g_loss0: 25.49 g_loss1: 31.26 g_loss2: 14.90 w_loss: 12.10 s_loss: 19.65 kl_loss: 0.04 
errD0: 0.01 errD1: 0.06 errD2: 0.00 
g_loss0: 16.57 g_loss1: 18.22 g_loss2: 17.89 w_loss: 16.64 s_loss: 29.27 kl_loss: 0.04 
errD0: 0.03 errD1: 0.02 errD2: 0.02 
g_loss0: 21.78 g_loss1: 23.09 g_loss2: 15.90 w_loss: 17.35 s_loss: 35.29 kl_loss: 0.03 
errD0: 0.77 errD1: 0.16 errD2: 0.01 
g_loss0: 4.37 g_loss1: 21.62 g_loss2: 13.09 w_loss: 25.10 s_loss: 39.27 kl_loss: 0.04 
errD0: 0.00 errD1: 0.02 errD2: 0.01 
g_loss0: 17.45 g_loss1: 13.60 g_loss2: 20.62 w_loss: 28.55 s_loss: 73.44 kl_loss: 0.04 
errD0: 0.37 errD1: 0.07 errD2: 0.18 
g_loss0: 20.00 g_loss1: 12.25 g_loss2: 12.55 w_loss: 15.69 s_loss: 55.26 kl_loss: 0.04 
errD0: 0.01 errD1: 0.00 errD2: 0.00 
g_loss0: 17.24 g_loss1: 28.21 g_loss2: 18.50 w_loss: 41.47 s_loss: 37.78 kl_loss: 0.05 
errD0: 0.02 errD1: 0.27 errD2: 0.02 
g_loss0: 17.61 g_loss1: 6.52 g_loss2: 33.86 w_loss: 27.75 s_loss: 55.85 kl_loss: 0.04 
errD0: 0.26 errD1: 0.06 errD2: 0.08 
g_loss0: 15.51 g_loss1: 15.79 g_loss2: 10.33 w_loss: 20.15 s_loss: 51.95 kl_loss: 0.05 
errD0: 0.07 errD1: 0.18 errD2: 0.45 
g_loss0: 22.33 g_loss1: 27.64 g_loss2: 15.69 w_loss: 31.58 s_loss: 68.64 kl_loss: 0.05 
errD0: 0.03 errD1: 0.00 errD2: 0.01 
g_loss0: 22.38 g_loss1: 22.70 g_loss2: 12.21 w_loss: 12.30 s_loss: 38.52 kl_loss: 0.08 
errD0: 0.01 errD1: 0.03 errD2: 0.00 
g_loss0: 17.17 g_loss1: 13.31 g_loss2: 21.11 w_loss: 24.25 s_loss: 46.36 kl_loss: 0.06 
errD0: 0.52 errD1: 0.56 errD2: 0.13 
g_loss0: 23.20 g_loss1: 19.85 g_loss2: 21.13 w_loss: 25.99 s_loss: 48.11 kl_loss: 0.03 
[1/120][6898]
                  Loss_D: 0.12 Loss_G: 92.72 Time: 4864.59s
errD0: 0.25 errD1: 0.03 errD2: 0.02 
g_loss0: 14.57 g_loss1: 9.99 g_loss2: 26.86 w_loss: 13.99 s_loss: 23.26 kl_loss: 0.04 
errD0: 0.01 errD1: 0.05 errD2: 0.33 
g_loss0: 18.43 g_loss1: 32.35 g_loss2: 22.96 w_loss: 33.80 s_loss: 37.63 kl_loss: 0.05 
errD0: 0.39 errD1: 0.05 errD2: 0.10 
g_loss0: 18.13 g_loss1: 21.60 g_loss2: 25.94 w_loss: 36.07 s_loss: 43.66 kl_loss: 0.05 
errD0: 0.72 errD1: 1.70 errD2: 0.00 
g_loss0: 29.15 g_loss1: 24.57 g_loss2: 22.70 w_loss: 81.50 s_loss: 84.33 kl_loss: 0.04 
errD0: 0.16 errD1: 0.18 errD2: 0.83 
g_loss0: 20.56 g_loss1: 15.95 g_loss2: 16.83 w_loss: 10.91 s_loss: 41.98 kl_loss: 0.05 
errD0: 0.02 errD1: 0.01 errD2: 0.04 
g_loss0: 18.77 g_loss1: 20.02 g_loss2: 15.96 w_loss: 38.44 s_loss: 72.70 kl_loss: 0.06 
errD0: 0.06 errD1: 0.02 errD2: 0.01 
g_loss0: 18.47 g_loss1: 16.78 g_loss2: 22.05 w_loss: 20.24 s_loss: 55.13 kl_loss: 0.07 
errD0: 0.70 errD1: 0.18 errD2: 3.82 
g_loss0: 19.86 g_loss1: 31.03 g_loss2: 12.65 w_loss: 25.05 s_loss: 24.56 kl_loss: 0.05 
errD0: 0.38 errD1: 0.03 errD2: 0.06 
g_loss0: 18.81 g_loss1: 29.88 g_loss2: 15.23 w_loss: 4.83 s_loss: 28.27 kl_loss: 0.06 
errD0: 0.02 errD1: 0.07 errD2: 0.05 
g_loss0: 11.62 g_loss1: 21.13 g_loss2: 11.76 w_loss: 20.74 s_loss: 46.48 kl_loss: 0.08 
errD0: 1.62 errD1: 0.01 errD2: 0.01 
g_loss0: 21.34 g_loss1: 14.28 g_loss2: 17.50 w_loss: 40.79 s_loss: 65.22 kl_loss: 0.06 
errD0: 0.01 errD1: 0.02 errD2: 0.01 
g_loss0: 14.96 g_loss1: 13.61 g_loss2: 19.01 w_loss: 18.16 s_loss: 37.53 kl_loss: 0.04 
errD0: 0.93 errD1: 0.37 errD2: 0.96 
g_loss0: 24.33 g_loss1: 16.67 g_loss2: 18.74 w_loss: 18.03 s_loss: 40.41 kl_loss: 0.04 
errD0: 0.21 errD1: 0.23 errD2: 0.20 
g_loss0: 11.86 g_loss1: 20.50 g_loss2: 21.33 w_loss: 41.62 s_loss: 52.59 kl_loss: 0.04 
errD0: 0.01 errD1: 0.10 errD2: 0.43 
g_loss0: 13.49 g_loss1: 16.24 g_loss2: 6.71 w_loss: 29.31 s_loss: 37.51 kl_loss: 0.05 
errD0: 0.01 errD1: 0.00 errD2: 0.05 
g_loss0: 19.74 g_loss1: 26.74 g_loss2: 12.06 w_loss: 21.64 s_loss: 46.96 kl_loss: 0.06 
errD0: 0.02 errD1: 0.00 errD2: 0.07 
g_loss0: 17.46 g_loss1: 22.84 g_loss2: 16.41 w_loss: 13.39 s_loss: 37.19 kl_loss: 0.04 
errD0: 0.00 errD1: 0.01 errD2: 0.03 
g_loss0: 17.42 g_loss1: 11.83 g_loss2: 11.81 w_loss: 20.29 s_loss: 26.64 kl_loss: 0.07 
errD0: 0.04 errD1: 0.28 errD2: 0.42 
g_loss0: 2.80 g_loss1: 24.30 g_loss2: 19.53 w_loss: 43.31 s_loss: 60.37 kl_loss: 0.06 
errD0: 0.01 errD1: 0.02 errD2: 0.24 
g_loss0: 24.75 g_loss1: 14.31 g_loss2: 12.89 w_loss: 19.27 s_loss: 31.05 kl_loss: 0.08 
errD0: 0.04 errD1: 0.01 errD2: 0.03 
g_loss0: 14.37 g_loss1: 17.33 g_loss2: 9.88 w_loss: 16.31 s_loss: 30.49 kl_loss: 0.07 
errD0: 0.04 errD1: 0.38 errD2: 0.29 
g_loss0: 12.48 g_loss1: 2.73 g_loss2: 22.27 w_loss: 7.66 s_loss: 27.84 kl_loss: 0.07 
errD0: 0.01 errD1: 0.01 errD2: 0.04 
g_loss0: 22.89 g_loss1: 30.25 g_loss2: 10.04 w_loss: 15.67 s_loss: 32.97 kl_loss: 0.07 
errD0: 0.00 errD1: 0.03 errD2: 0.07 
g_loss0: 23.75 g_loss1: 14.68 g_loss2: 8.57 w_loss: 13.85 s_loss: 35.19 kl_loss: 0.05 
errD0: 0.05 errD1: 0.05 errD2: 0.10 
g_loss0: 16.48 g_loss1: 36.53 g_loss2: 15.75 w_loss: 11.90 s_loss: 34.46 kl_loss: 0.06 
errD0: 0.17 errD1: 0.04 errD2: 0.02 
g_loss0: 11.73 g_loss1: 11.14 g_loss2: 12.47 w_loss: 31.42 s_loss: 48.34 kl_loss: 0.07 
errD0: 0.11 errD1: 0.83 errD2: 0.45 
g_loss0: 12.64 g_loss1: 21.99 g_loss2: 15.15 w_loss: 33.24 s_loss: 51.87 kl_loss: 0.05 
errD0: 0.15 errD1: 0.01 errD2: 0.39 
g_loss0: 16.12 g_loss1: 18.67 g_loss2: 13.13 w_loss: 27.78 s_loss: 26.99 kl_loss: 0.06 
errD0: 0.01 errD1: 0.01 errD2: 0.02 
g_loss0: 11.43 g_loss1: 20.17 g_loss2: 20.60 w_loss: 17.40 s_loss: 29.89 kl_loss: 0.05 
errD0: 0.02 errD1: 0.07 errD2: 0.31 
g_loss0: 12.09 g_loss1: 9.65 g_loss2: 7.04 w_loss: 22.61 s_loss: 31.53 kl_loss: 0.07 
errD0: 0.13 errD1: 0.15 errD2: 0.26 
g_loss0: 15.05 g_loss1: 15.54 g_loss2: 15.86 w_loss: 31.49 s_loss: 52.52 kl_loss: 0.05 
errD0: 0.01 errD1: 0.01 errD2: 0.00 
g_loss0: 17.34 g_loss1: 13.89 g_loss2: 18.39 w_loss: 20.83 s_loss: 35.45 kl_loss: 0.06 
errD0: 0.02 errD1: 0.00 errD2: 0.00 
g_loss0: 15.44 g_loss1: 30.15 g_loss2: 13.94 w_loss: 16.86 s_loss: 42.71 kl_loss: 0.08 
errD0: 0.06 errD1: 0.00 errD2: 0.02 
g_loss0: 13.15 g_loss1: 15.17 g_loss2: 20.20 w_loss: 12.26 s_loss: 32.13 kl_loss: 0.08 
errD0: 0.12 errD1: 0.01 errD2: 0.13 
g_loss0: 14.60 g_loss1: 18.21 g_loss2: 10.76 w_loss: 25.13 s_loss: 58.09 kl_loss: 0.05 
errD0: 0.02 errD1: 0.01 errD2: 0.00 
g_loss0: 17.05 g_loss1: 10.22 g_loss2: 23.88 w_loss: 7.78 s_loss: 24.80 kl_loss: 0.09 
errD0: 0.06 errD1: 0.36 errD2: 0.04 
g_loss0: 11.25 g_loss1: 20.91 g_loss2: 17.83 w_loss: 30.57 s_loss: 42.38 kl_loss: 0.08 
errD0: 0.03 errD1: 0.07 errD2: 0.00 
g_loss0: 10.77 g_loss1: 12.14 g_loss2: 12.91 w_loss: 25.89 s_loss: 42.75 kl_loss: 0.06 
errD0: 3.70 errD1: 0.04 errD2: 0.25 
g_loss0: 9.63 g_loss1: 11.84 g_loss2: 16.03 w_loss: 9.72 s_loss: 31.33 kl_loss: 0.05 
errD0: 0.02 errD1: 0.03 errD2: 0.01 
g_loss0: 13.46 g_loss1: 18.86 g_loss2: 24.40 w_loss: 48.49 s_loss: 72.85 kl_loss: 0.06 
errD0: 0.02 errD1: 0.03 errD2: 0.07 
g_loss0: 13.02 g_loss1: 11.59 g_loss2: 13.93 w_loss: 19.83 s_loss: 32.01 kl_loss: 0.08 
errD0: 0.03 errD1: 0.00 errD2: 0.08 
g_loss0: 10.65 g_loss1: 20.99 g_loss2: 10.56 w_loss: 38.77 s_loss: 44.89 kl_loss: 0.08 
errD0: 0.03 errD1: 0.03 errD2: 0.09 
g_loss0: 16.93 g_loss1: 11.75 g_loss2: 10.26 w_loss: 93.88 s_loss: 43.23 kl_loss: 0.07 
errD0: 0.00 errD1: 0.02 errD2: 0.00 
g_loss0: 16.60 g_loss1: 10.54 g_loss2: 15.20 w_loss: 17.83 s_loss: 39.45 kl_loss: 0.09 
errD0: 0.04 errD1: 0.09 errD2: 0.06 
g_loss0: 22.31 g_loss1: 13.42 g_loss2: 8.33 w_loss: 19.09 s_loss: 36.00 kl_loss: 0.05 
errD0: 0.02 errD1: 0.08 errD2: 0.07 
g_loss0: 14.58 g_loss1: 19.17 g_loss2: 14.70 w_loss: 23.76 s_loss: 42.05 kl_loss: 0.11 
errD0: 0.01 errD1: 0.01 errD2: 0.65 
g_loss0: 20.23 g_loss1: 14.50 g_loss2: 13.74 w_loss: 23.18 s_loss: 29.33 kl_loss: 0.08 
errD0: 0.02 errD1: 0.04 errD2: 0.00 
g_loss0: 13.25 g_loss1: 18.55 g_loss2: 16.63 w_loss: 29.46 s_loss: 42.40 kl_loss: 0.10 
errD0: 0.01 errD1: 0.05 errD2: 0.07 
g_loss0: 22.96 g_loss1: 22.44 g_loss2: 11.45 w_loss: 61.89 s_loss: 35.62 kl_loss: 0.04 
errD0: 0.10 errD1: 0.04 errD2: 0.25 
g_loss0: 19.12 g_loss1: 14.21 g_loss2: 22.84 w_loss: 28.87 s_loss: 36.35 kl_loss: 0.14 
errD0: 0.00 errD1: 0.01 errD2: 0.00 
g_loss0: 22.11 g_loss1: 24.27 g_loss2: 19.71 w_loss: 9.31 s_loss: 30.17 kl_loss: 0.08 
errD0: 0.08 errD1: 0.04 errD2: 0.00 
g_loss0: 10.47 g_loss1: 12.32 g_loss2: 20.75 w_loss: 9.63 s_loss: 25.76 kl_loss: 0.07 
errD0: 0.00 errD1: 0.01 errD2: 0.14 
g_loss0: 15.46 g_loss1: 25.41 g_loss2: 14.06 w_loss: 5.43 s_loss: 23.11 kl_loss: 0.09 
errD0: 0.04 errD1: 0.07 errD2: 0.01 
g_loss0: 15.07 g_loss1: 16.57 g_loss2: 13.39 w_loss: 31.46 s_loss: 45.19 kl_loss: 0.06 
errD0: 0.31 errD1: 0.29 errD2: 0.01 
g_loss0: 15.54 g_loss1: 16.22 g_loss2: 18.88 w_loss: 12.82 s_loss: 30.23 kl_loss: 0.08 
errD0: 0.00 errD1: 0.06 errD2: 0.09 
g_loss0: 22.17 g_loss1: 24.22 g_loss2: 17.11 w_loss: 36.66 s_loss: 36.67 kl_loss: 0.07 
errD0: 0.68 errD1: 1.13 errD2: 0.26 
g_loss0: 22.47 g_loss1: 22.50 g_loss2: 36.03 w_loss: 27.55 s_loss: 34.13 kl_loss: 0.10 
errD0: 0.02 errD1: 0.00 errD2: 0.01 
g_loss0: 11.42 g_loss1: 24.05 g_loss2: 18.16 w_loss: 16.83 s_loss: 26.62 kl_loss: 0.09 
errD0: 0.00 errD1: 0.09 errD2: 0.03 
g_loss0: 16.54 g_loss1: 21.64 g_loss2: 10.44 w_loss: 11.23 s_loss: 15.22 kl_loss: 0.07 
errD0: 0.02 errD1: 0.05 errD2: 0.00 
g_loss0: 8.98 g_loss1: 12.22 g_loss2: 20.63 w_loss: 10.78 s_loss: 31.32 kl_loss: 0.12 
errD0: 1.03 errD1: 1.18 errD2: 0.07 
g_loss0: 2.42 g_loss1: 5.49 g_loss2: 14.81 w_loss: 12.90 s_loss: 30.43 kl_loss: 0.07 
errD0: 0.04 errD1: 0.20 errD2: 0.18 
g_loss0: 14.90 g_loss1: 29.43 g_loss2: 11.86 w_loss: 31.24 s_loss: 52.15 kl_loss: 0.05 
errD0: 0.07 errD1: 1.00 errD2: 6.01 
g_loss0: 18.04 g_loss1: 32.36 g_loss2: 12.47 w_loss: 9.56 s_loss: 22.40 kl_loss: 0.07 
errD0: 0.10 errD1: 0.17 errD2: 0.05 
g_loss0: 15.68 g_loss1: 16.02 g_loss2: 11.40 w_loss: 17.84 s_loss: 40.29 kl_loss: 0.09 
errD0: 0.04 errD1: 0.01 errD2: 0.01 
g_loss0: 14.67 g_loss1: 12.89 g_loss2: 37.24 w_loss: 75.54 s_loss: 64.91 kl_loss: 0.09 
errD0: 0.00 errD1: 0.09 errD2: 0.00 
g_loss0: 23.04 g_loss1: 29.18 g_loss2: 20.57 w_loss: 37.17 s_loss: 37.91 kl_loss: 0.16 
errD0: 0.00 errD1: 0.02 errD2: 0.00 
g_loss0: 14.81 g_loss1: 10.57 g_loss2: 20.16 w_loss: 38.76 s_loss: 68.23 kl_loss: 0.08 
errD0: 0.02 errD1: 0.05 errD2: 0.01 
g_loss0: 17.88 g_loss1: 13.57 g_loss2: 12.96 w_loss: 4.43 s_loss: 27.76 kl_loss: 0.14 
errD0: 0.01 errD1: 0.28 errD2: 0.04 
g_loss0: 19.12 g_loss1: 2.43 g_loss2: 19.21 w_loss: 27.27 s_loss: 28.12 kl_loss: 0.09 
[2/120][6898]
                  Loss_D: 0.52 Loss_G: 95.67 Time: 4888.69s
errD0: 0.13 errD1: 0.13 errD2: 0.04 
g_loss0: 12.25 g_loss1: 13.41 g_loss2: 28.96 w_loss: 28.29 s_loss: 32.16 kl_loss: 0.08 
errD0: 0.14 errD1: 0.04 errD2: 0.47 
g_loss0: 16.11 g_loss1: 14.30 g_loss2: 13.66 w_loss: 12.81 s_loss: 17.69 kl_loss: 0.09 
errD0: 0.01 errD1: 0.07 errD2: 0.08 
g_loss0: 20.47 g_loss1: 22.40 g_loss2: 28.89 w_loss: 23.85 s_loss: 49.15 kl_loss: 0.11 
errD0: 0.09 errD1: 0.09 errD2: 0.66 
g_loss0: 14.45 g_loss1: 23.40 g_loss2: 12.66 w_loss: 6.38 s_loss: 21.66 kl_loss: 0.08 
errD0: 0.37 errD1: 4.46 errD2: 0.10 
g_loss0: 5.86 g_loss1: 0.00 g_loss2: 8.77 w_loss: 40.48 s_loss: 75.73 kl_loss: 0.09 
errD0: 0.04 errD1: 0.00 errD2: 0.17 
g_loss0: 18.94 g_loss1: 22.25 g_loss2: 17.87 w_loss: 13.38 s_loss: 37.82 kl_loss: 0.15 
errD0: 0.04 errD1: 0.04 errD2: 0.67 
g_loss0: 26.00 g_loss1: 18.82 g_loss2: 17.54 w_loss: 48.26 s_loss: 59.56 kl_loss: 0.08 
errD0: 0.08 errD1: 0.07 errD2: 0.24 
g_loss0: 16.01 g_loss1: 12.24 g_loss2: 14.25 w_loss: 36.57 s_loss: 61.98 kl_loss: 0.07 
errD0: 0.13 errD1: 0.00 errD2: 0.01 
g_loss0: 15.02 g_loss1: 13.39 g_loss2: 16.29 w_loss: 7.54 s_loss: 38.90 kl_loss: 0.10 
errD0: 0.93 errD1: 0.17 errD2: 0.04 
g_loss0: 21.38 g_loss1: 11.97 g_loss2: 20.95 w_loss: 38.98 s_loss: 26.28 kl_loss: 0.10 
errD0: 0.01 errD1: 0.02 errD2: 0.08 
g_loss0: 12.10 g_loss1: 17.64 g_loss2: 17.38 w_loss: 21.19 s_loss: 30.24 kl_loss: 0.14 
errD0: 0.69 errD1: 0.00 errD2: 0.00 
g_loss0: 38.46 g_loss1: 23.75 g_loss2: 23.94 w_loss: 10.35 s_loss: 39.34 kl_loss: 0.13 
errD0: 0.62 errD1: 0.02 errD2: 0.09 
g_loss0: 12.16 g_loss1: 22.29 g_loss2: 14.30 w_loss: 4.12 s_loss: 21.38 kl_loss: 0.09 
errD0: 0.01 errD1: 0.01 errD2: 0.04 
g_loss0: 15.24 g_loss1: 13.77 g_loss2: 17.94 w_loss: 15.77 s_loss: 53.20 kl_loss: 0.06 
errD0: 0.01 errD1: 0.06 errD2: 0.04 
g_loss0: 14.00 g_loss1: 11.35 g_loss2: 24.27 w_loss: 9.11 s_loss: 19.02 kl_loss: 0.09 
errD0: 0.07 errD1: 0.00 errD2: 0.52 
g_loss0: 14.18 g_loss1: 15.47 g_loss2: 25.03 w_loss: 8.35 s_loss: 13.36 kl_loss: 0.14 
errD0: 0.07 errD1: 0.04 errD2: 0.01 
g_loss0: 22.26 g_loss1: 21.83 g_loss2: 20.31 w_loss: 15.84 s_loss: 24.52 kl_loss: 0.11 
errD0: 0.07 errD1: 0.01 errD2: 0.02 
g_loss0: 24.64 g_loss1: 13.51 g_loss2: 19.81 w_loss: 41.91 s_loss: 44.34 kl_loss: 0.09 
errD0: 0.71 errD1: 0.09 errD2: 0.02 
g_loss0: 12.72 g_loss1: 31.66 g_loss2: 15.20 w_loss: 26.15 s_loss: 53.74 kl_loss: 0.10 
errD0: 0.06 errD1: 0.00 errD2: 0.00 
g_loss0: 14.49 g_loss1: 19.14 g_loss2: 22.43 w_loss: 11.24 s_loss: 28.37 kl_loss: 0.11 
errD0: 0.13 errD1: 0.02 errD2: 1.16 
g_loss0: 32.13 g_loss1: 19.02 g_loss2: 19.39 w_loss: 13.86 s_loss: 34.55 kl_loss: 0.06 
errD0: 0.00 errD1: 0.01 errD2: 0.00 
g_loss0: 15.12 g_loss1: 11.49 g_loss2: 17.26 w_loss: 3.15 s_loss: 29.33 kl_loss: 0.15 
errD0: 0.01 errD1: 0.00 errD2: 0.04 
g_loss0: 22.26 g_loss1: 15.46 g_loss2: 30.25 w_loss: 28.63 s_loss: 41.97 kl_loss: 0.13 
errD0: 0.23 errD1: 0.02 errD2: 0.20 
g_loss0: 10.54 g_loss1: 13.68 g_loss2: 22.73 w_loss: 16.48 s_loss: 30.87 kl_loss: 0.12 
errD0: 0.59 errD1: 0.17 errD2: 0.16 
g_loss0: 5.41 g_loss1: 12.32 g_loss2: 9.72 w_loss: 51.66 s_loss: 55.34 kl_loss: 0.09 
errD0: 0.05 errD1: 0.00 errD2: 0.00 
g_loss0: 8.52 g_loss1: 19.11 g_loss2: 16.36 w_loss: 24.96 s_loss: 37.19 kl_loss: 0.12 
errD0: 0.43 errD1: 0.12 errD2: 1.44 
g_loss0: 20.12 g_loss1: 11.42 g_loss2: 15.36 w_loss: 32.78 s_loss: 24.12 kl_loss: 0.09 
errD0: 0.25 errD1: 0.30 errD2: 0.02 
g_loss0: 22.89 g_loss1: 24.73 g_loss2: 28.86 w_loss: 9.84 s_loss: 30.43 kl_loss: 0.10 
errD0: 0.01 errD1: 0.03 errD2: 0.05 
g_loss0: 11.14 g_loss1: 13.75 g_loss2: 16.51 w_loss: 25.91 s_loss: 43.76 kl_loss: 0.10 
errD0: 0.61 errD1: 0.19 errD2: 0.43 
g_loss0: 16.77 g_loss1: 16.26 g_loss2: 28.62 w_loss: 12.97 s_loss: 42.42 kl_loss: 0.08 
errD0: 0.52 errD1: 0.01 errD2: 0.37 
g_loss0: 18.46 g_loss1: 23.99 g_loss2: 11.34 w_loss: 19.37 s_loss: 33.95 kl_loss: 0.15 
errD0: 0.09 errD1: 0.02 errD2: 0.13 
g_loss0: 13.77 g_loss1: 24.63 g_loss2: 14.22 w_loss: 2.37 s_loss: 12.69 kl_loss: 0.07 
errD0: 0.02 errD1: 0.07 errD2: 0.13 
g_loss0: 14.87 g_loss1: 23.52 g_loss2: 21.62 w_loss: 30.22 s_loss: 45.02 kl_loss: 0.10 
errD0: 0.06 errD1: 0.00 errD2: 0.15 
g_loss0: 13.65 g_loss1: 15.54 g_loss2: 20.07 w_loss: 24.54 s_loss: 56.75 kl_loss: 0.07 
errD0: 0.28 errD1: 0.00 errD2: 0.04 
g_loss0: 25.32 g_loss1: 16.28 g_loss2: 21.69 w_loss: 16.75 s_loss: 27.67 kl_loss: 0.10 
errD0: 0.00 errD1: 0.02 errD2: 0.27 
g_loss0: 15.46 g_loss1: 12.68 g_loss2: 26.28 w_loss: 37.78 s_loss: 70.73 kl_loss: 0.14 
errD0: 0.04 errD1: 0.01 errD2: 0.18 
g_loss0: 14.98 g_loss1: 15.55 g_loss2: 7.55 w_loss: 9.26 s_loss: 48.95 kl_loss: 0.13 
errD0: 0.09 errD1: 0.32 errD2: 0.06 
g_loss0: 18.41 g_loss1: 11.34 g_loss2: 11.68 w_loss: 15.54 s_loss: 33.91 kl_loss: 0.10 
errD0: 0.75 errD1: 0.06 errD2: 0.19 
g_loss0: 31.99 g_loss1: 12.15 g_loss2: 22.97 w_loss: 6.47 s_loss: 34.58 kl_loss: 0.12 
errD0: 0.00 errD1: 0.25 errD2: 0.67 
g_loss0: 22.85 g_loss1: 13.58 g_loss2: 20.45 w_loss: 21.62 s_loss: 29.09 kl_loss: 0.17 
errD0: 0.01 errD1: 0.03 errD2: 0.01 
g_loss0: 14.16 g_loss1: 11.00 g_loss2: 9.65 w_loss: 17.12 s_loss: 25.40 kl_loss: 0.14 
errD0: 0.00 errD1: 0.27 errD2: 0.02 
g_loss0: 22.66 g_loss1: 11.60 g_loss2: 29.26 w_loss: 15.36 s_loss: 18.48 kl_loss: 0.07 
errD0: 0.01 errD1: 0.00 errD2: 0.03 
g_loss0: 18.36 g_loss1: 21.96 g_loss2: 23.78 w_loss: 34.72 s_loss: 44.47 kl_loss: 0.10 
errD0: 0.55 errD1: 0.00 errD2: 0.10 
g_loss0: 32.25 g_loss1: 36.91 g_loss2: 11.42 w_loss: 33.94 s_loss: 26.85 kl_loss: 0.13 
errD0: 0.00 errD1: 0.06 errD2: 0.00 
g_loss0: 17.63 g_loss1: 29.95 g_loss2: 7.54 w_loss: 11.95 s_loss: 50.09 kl_loss: 0.13 
errD0: 0.03 errD1: 0.15 errD2: 0.08 
g_loss0: 16.11 g_loss1: 10.67 g_loss2: 15.15 w_loss: 25.68 s_loss: 54.61 kl_loss: 0.10 
errD0: 0.00 errD1: 0.16 errD2: 0.00 
g_loss0: 34.67 g_loss1: 11.18 g_loss2: 21.14 w_loss: 15.77 s_loss: 54.42 kl_loss: 0.18 
errD0: 0.01 errD1: 0.00 errD2: 0.00 
g_loss0: 14.22 g_loss1: 17.99 g_loss2: 18.94 w_loss: 25.71 s_loss: 32.62 kl_loss: 0.14 
errD0: 0.16 errD1: 0.00 errD2: 0.00 
g_loss0: 27.45 g_loss1: 16.92 g_loss2: 16.37 w_loss: 3.99 s_loss: 27.05 kl_loss: 0.15 
errD0: 0.01 errD1: 0.00 errD2: 0.05 
g_loss0: 17.41 g_loss1: 21.64 g_loss2: 18.96 w_loss: 17.93 s_loss: 44.74 kl_loss: 0.09 
errD0: 0.72 errD1: 0.79 errD2: 0.17 
g_loss0: 24.75 g_loss1: 18.09 g_loss2: 7.96 w_loss: 11.42 s_loss: 39.53 kl_loss: 0.12 
errD0: 0.07 errD1: 0.01 errD2: 0.00 
g_loss0: 19.19 g_loss1: 26.40 g_loss2: 17.31 w_loss: 16.72 s_loss: 32.43 kl_loss: 0.12 
errD0: 0.52 errD1: 0.02 errD2: 0.03 
g_loss0: 8.62 g_loss1: 20.09 g_loss2: 14.42 w_loss: 23.54 s_loss: 33.23 kl_loss: 0.13 
errD0: 0.03 errD1: 0.59 errD2: 0.02 
g_loss0: 35.78 g_loss1: 4.55 g_loss2: 9.97 w_loss: 16.62 s_loss: 22.87 kl_loss: 0.12 
errD0: 0.01 errD1: 0.04 errD2: 0.01 
g_loss0: 11.55 g_loss1: 28.43 g_loss2: 19.56 w_loss: 15.52 s_loss: 37.05 kl_loss: 0.11 
errD0: 0.04 errD1: 0.06 errD2: 0.00 
g_loss0: 14.59 g_loss1: 11.49 g_loss2: 9.48 w_loss: 1.30 s_loss: 16.29 kl_loss: 0.15 
errD0: 0.66 errD1: 0.00 errD2: 0.02 
g_loss0: 25.89 g_loss1: 5.80 g_loss2: 9.85 w_loss: 19.41 s_loss: 33.52 kl_loss: 0.11 
errD0: 0.04 errD1: 0.17 errD2: 0.20 
g_loss0: 26.13 g_loss1: 19.14 g_loss2: 16.77 w_loss: 18.43 s_loss: 27.24 kl_loss: 0.12 
errD0: 0.20 errD1: 0.00 errD2: 0.79 
g_loss0: 19.66 g_loss1: 23.12 g_loss2: 10.30 w_loss: 5.03 s_loss: 21.52 kl_loss: 0.13 
errD0: 0.00 errD1: 0.58 errD2: 0.05 
g_loss0: 20.93 g_loss1: 5.54 g_loss2: 12.31 w_loss: 14.88 s_loss: 47.12 kl_loss: 0.19 
errD0: 0.00 errD1: 0.03 errD2: 0.01 
g_loss0: 19.71 g_loss1: 24.06 g_loss2: 25.96 w_loss: 1.49 s_loss: 21.30 kl_loss: 0.13 
errD0: 0.00 errD1: 0.01 errD2: 0.53 
g_loss0: 18.94 g_loss1: 27.38 g_loss2: 3.76 w_loss: 5.55 s_loss: 29.44 kl_loss: 0.10 
errD0: 0.00 errD1: 0.02 errD2: 0.04 
g_loss0: 27.18 g_loss1: 12.43 g_loss2: 10.12 w_loss: 9.44 s_loss: 43.32 kl_loss: 0.17 
errD0: 0.01 errD1: 0.03 errD2: 0.00 
g_loss0: 19.58 g_loss1: 11.76 g_loss2: 22.34 w_loss: 6.68 s_loss: 24.75 kl_loss: 0.15 
errD0: 0.01 errD1: 0.03 errD2: 0.03 
g_loss0: 18.86 g_loss1: 36.94 g_loss2: 13.79 w_loss: 8.69 s_loss: 35.68 kl_loss: 0.13 
errD0: 0.01 errD1: 0.01 errD2: 2.33 
g_loss0: 11.94 g_loss1: 10.18 g_loss2: 28.04 w_loss: 4.73 s_loss: 23.33 kl_loss: 0.14 
errD0: 0.01 errD1: 0.05 errD2: 0.01 
g_loss0: 16.57 g_loss1: 23.34 g_loss2: 15.10 w_loss: 5.97 s_loss: 25.87 kl_loss: 0.13 
errD0: 0.00 errD1: 0.01 errD2: 0.00 
g_loss0: 21.30 g_loss1: 32.52 g_loss2: 21.80 w_loss: 1.83 s_loss: 24.94 kl_loss: 0.14 
errD0: 0.00 errD1: 0.00 errD2: 0.13 
g_loss0: 18.41 g_loss1: 17.71 g_loss2: 20.72 w_loss: 9.51 s_loss: 21.50 kl_loss: 0.20 
[3/120][6898]
                  Loss_D: 1.62 Loss_G: 84.41 Time: 4903.82s
errD0: 0.31 errD1: 0.22 errD2: 0.12 
g_loss0: 40.24 g_loss1: 20.77 g_loss2: 14.78 w_loss: 13.62 s_loss: 27.71 kl_loss: 0.15 
errD0: 0.02 errD1: 0.45 errD2: 0.00 
g_loss0: 18.13 g_loss1: 16.93 g_loss2: 13.22 w_loss: 5.04 s_loss: 26.46 kl_loss: 0.14 
errD0: 0.01 errD1: 0.94 errD2: 0.07 
g_loss0: 14.61 g_loss1: 21.00 g_loss2: 9.70 w_loss: 13.79 s_loss: 22.21 kl_loss: 0.22 
errD0: 0.06 errD1: 0.01 errD2: 0.00 
g_loss0: 16.03 g_loss1: 12.15 g_loss2: 24.73 w_loss: 9.53 s_loss: 23.53 kl_loss: 0.14 
errD0: 0.00 errD1: 0.00 errD2: 0.03 
g_loss0: 23.34 g_loss1: 23.74 g_loss2: 12.99 w_loss: 11.95 s_loss: 22.62 kl_loss: 0.17 
errD0: 0.00 errD1: 0.11 errD2: 0.05 
g_loss0: 19.01 g_loss1: 13.53 g_loss2: 9.68 w_loss: 5.21 s_loss: 29.97 kl_loss: 0.13 
errD0: 0.49 errD1: 0.44 errD2: 0.00 
g_loss0: 14.00 g_loss1: 14.38 g_loss2: 15.34 w_loss: 14.59 s_loss: 18.56 kl_loss: 0.14 
errD0: 0.00 errD1: 0.05 errD2: 0.10 
g_loss0: 23.32 g_loss1: 11.20 g_loss2: 10.19 w_loss: 19.98 s_loss: 52.37 kl_loss: 0.16 
errD0: 0.18 errD1: 0.28 errD2: 0.02 
g_loss0: 8.08 g_loss1: 14.36 g_loss2: 19.13 w_loss: 2.30 s_loss: 16.98 kl_loss: 0.15 
errD0: 0.00 errD1: 0.00 errD2: 0.00 
g_loss0: 14.06 g_loss1: 23.52 g_loss2: 15.22 w_loss: 38.58 s_loss: 53.27 kl_loss: 0.15 
errD0: 0.03 errD1: 0.00 errD2: 0.04 
g_loss0: 14.82 g_loss1: 15.93 g_loss2: 26.12 w_loss: 10.46 s_loss: 35.04 kl_loss: 0.16 
errD0: 0.03 errD1: 0.04 errD2: 0.00 
g_loss0: 13.57 g_loss1: 21.23 g_loss2: 12.98 w_loss: 15.00 s_loss: 26.87 kl_loss: 0.21 
errD0: 0.11 errD1: 0.01 errD2: 0.08 
g_loss0: 17.54 g_loss1: 17.26 g_loss2: 11.80 w_loss: 8.64 s_loss: 43.35 kl_loss: 0.12 
errD0: 0.00 errD1: 0.00 errD2: 0.01 
g_loss0: 22.20 g_loss1: 28.12 g_loss2: 17.31 w_loss: 26.42 s_loss: 45.32 kl_loss: 0.10 
errD0: 0.01 errD1: 0.03 errD2: 0.09 
g_loss0: 20.39 g_loss1: 12.53 g_loss2: 13.66 w_loss: 2.57 s_loss: 29.65 kl_loss: 0.13 
errD0: 0.03 errD1: 0.25 errD2: 0.03 
g_loss0: 20.00 g_loss1: 16.63 g_loss2: 9.44 w_loss: 16.72 s_loss: 29.06 kl_loss: 0.13 
errD0: 0.02 errD1: 0.01 errD2: 0.04 
g_loss0: 25.02 g_loss1: 29.72 g_loss2: 17.01 w_loss: 6.31 s_loss: 20.11 kl_loss: 0.13 
errD0: 0.05 errD1: 0.01 errD2: 0.02 
g_loss0: 8.68 g_loss1: 10.46 g_loss2: 22.46 w_loss: 8.23 s_loss: 15.44 kl_loss: 0.20 
errD0: 0.02 errD1: 0.00 errD2: 0.06 
g_loss0: 19.99 g_loss1: 16.89 g_loss2: 17.22 w_loss: 5.59 s_loss: 20.24 kl_loss: 0.16 
errD0: 0.01 errD1: 0.10 errD2: 0.02 
g_loss0: 18.76 g_loss1: 8.89 g_loss2: 10.99 w_loss: 12.85 s_loss: 44.99 kl_loss: 0.16 
errD0: 0.01 errD1: 0.02 errD2: 1.90 
g_loss0: 18.82 g_loss1: 12.23 g_loss2: 5.47 w_loss: 19.49 s_loss: 47.16 kl_loss: 0.15 
errD0: 0.05 errD1: 0.13 errD2: 0.29 
g_loss0: 32.60 g_loss1: 14.19 g_loss2: 15.90 w_loss: 4.04 s_loss: 23.11 kl_loss: 0.16 
errD0: 0.00 errD1: 0.02 errD2: 0.02 
g_loss0: 17.89 g_loss1: 6.62 g_loss2: 10.68 w_loss: 1.41 s_loss: 15.66 kl_loss: 0.23 
errD0: 0.41 errD1: 0.00 errD2: 0.02 
g_loss0: 26.46 g_loss1: 22.06 g_loss2: 12.12 w_loss: 17.35 s_loss: 39.39 kl_loss: 0.22 
errD0: 0.09 errD1: 0.42 errD2: 0.01 
g_loss0: 12.44 g_loss1: 33.42 g_loss2: 13.37 w_loss: 19.62 s_loss: 31.65 kl_loss: 0.12 
errD0: 0.01 errD1: 0.00 errD2: 0.53 
g_loss0: 19.05 g_loss1: 22.11 g_loss2: 19.53 w_loss: 9.26 s_loss: 39.16 kl_loss: 0.16 
errD0: 0.00 errD1: 0.01 errD2: 0.00 
g_loss0: 23.09 g_loss1: 18.57 g_loss2: 12.82 w_loss: 24.41 s_loss: 25.51 kl_loss: 0.11 
errD0: 0.01 errD1: 1.18 errD2: 0.06 
g_loss0: 17.64 g_loss1: 21.38 g_loss2: 2.43 w_loss: 19.00 s_loss: 37.22 kl_loss: 0.14 
errD0: 0.10 errD1: 3.86 errD2: 0.01 
g_loss0: 15.14 g_loss1: 28.08 g_loss2: 31.28 w_loss: 5.01 s_loss: 16.63 kl_loss: 0.19 
errD0: 0.10 errD1: 0.27 errD2: 0.10 
g_loss0: 13.63 g_loss1: 8.64 g_loss2: 12.02 w_loss: 12.09 s_loss: 30.83 kl_loss: 0.14 
errD0: 0.00 errD1: 0.02 errD2: 0.00 
g_loss0: 21.39 g_loss1: 23.47 g_loss2: 18.95 w_loss: 9.93 s_loss: 14.12 kl_loss: 0.17 
errD0: 0.27 errD1: 0.24 errD2: 0.17 
g_loss0: 18.80 g_loss1: 12.55 g_loss2: 17.59 w_loss: 27.82 s_loss: 45.45 kl_loss: 0.27 
errD0: 0.00 errD1: 0.06 errD2: 0.01 
g_loss0: 20.30 g_loss1: 12.86 g_loss2: 26.07 w_loss: 8.25 s_loss: 32.69 kl_loss: 0.12 
errD0: 0.06 errD1: 0.12 errD2: 0.97 
g_loss0: 14.93 g_loss1: 19.36 g_loss2: 17.45 w_loss: 11.96 s_loss: 31.32 kl_loss: 0.18 
errD0: 0.02 errD1: 0.01 errD2: 0.03 
g_loss0: 15.13 g_loss1: 29.35 g_loss2: 14.38 w_loss: 17.29 s_loss: 30.78 kl_loss: 0.17 
errD0: 0.63 errD1: 0.19 errD2: 0.12 
g_loss0: 19.63 g_loss1: 10.99 g_loss2: 8.94 w_loss: 3.99 s_loss: 12.66 kl_loss: 0.17 
errD0: 0.01 errD1: 0.00 errD2: 0.00 
g_loss0: 18.98 g_loss1: 22.81 g_loss2: 14.83 w_loss: 26.22 s_loss: 31.87 kl_loss: 0.16 
errD0: 0.18 errD1: 0.03 errD2: 0.04 
g_loss0: 17.13 g_loss1: 15.93 g_loss2: 12.54 w_loss: 3.37 s_loss: 12.92 kl_loss: 0.19 
errD0: 0.04 errD1: 0.02 errD2: 0.17 
g_loss0: 12.22 g_loss1: 14.87 g_loss2: 12.25 w_loss: 4.76 s_loss: 20.33 kl_loss: 0.19 
errD0: 0.01 errD1: 0.00 errD2: 0.00 
g_loss0: 23.00 g_loss1: 31.60 g_loss2: 16.55 w_loss: 7.53 s_loss: 36.35 kl_loss: 0.18 
errD0: 0.00 errD1: 0.01 errD2: 0.00 
g_loss0: 28.32 g_loss1: 13.92 g_loss2: 22.08 w_loss: 5.38 s_loss: 19.54 kl_loss: 0.12 
errD0: 0.09 errD1: 0.24 errD2: 0.01 
g_loss0: 17.91 g_loss1: 26.41 g_loss2: 20.31 w_loss: 16.08 s_loss: 34.17 kl_loss: 0.18 
errD0: 0.01 errD1: 0.00 errD2: 0.01 
g_loss0: 14.31 g_loss1: 17.55 g_loss2: 11.12 w_loss: 4.69 s_loss: 27.60 kl_loss: 0.19 
errD0: 0.02 errD1: 0.02 errD2: 0.00 
g_loss0: 15.60 g_loss1: 14.33 g_loss2: 23.41 w_loss: 4.70 s_loss: 23.24 kl_loss: 0.21 
errD0: 0.17 errD1: 0.00 errD2: 0.04 
g_loss0: 29.03 g_loss1: 25.15 g_loss2: 10.56 w_loss: 11.77 s_loss: 24.73 kl_loss: 0.13 
errD0: 0.02 errD1: 0.02 errD2: 0.34 
g_loss0: 20.79 g_loss1: 40.54 g_loss2: 14.66 w_loss: 17.23 s_loss: 47.67 kl_loss: 0.11 
errD0: 0.02 errD1: 0.02 errD2: 0.05 
g_loss0: 39.62 g_loss1: 37.79 g_loss2: 14.42 w_loss: 6.02 s_loss: 27.18 kl_loss: 0.13 
errD0: 0.00 errD1: 0.02 errD2: 0.01 
g_loss0: 32.49 g_loss1: 13.90 g_loss2: 10.04 w_loss: 31.80 s_loss: 26.83 kl_loss: 0.20 
errD0: 0.15 errD1: 0.11 errD2: 0.11 
g_loss0: 22.33 g_loss1: 16.71 g_loss2: 16.74 w_loss: 20.63 s_loss: 34.98 kl_loss: 0.16 
errD0: 0.00 errD1: 0.01 errD2: 0.03 
g_loss0: 21.93 g_loss1: 20.54 g_loss2: 15.87 w_loss: 26.19 s_loss: 35.05 kl_loss: 0.16 
errD0: 0.04 errD1: 0.09 errD2: 0.02 
g_loss0: 20.20 g_loss1: 13.78 g_loss2: 11.54 w_loss: 23.66 s_loss: 45.13 kl_loss: 0.12 
errD0: 0.00 errD1: 0.00 errD2: 0.54 
g_loss0: 20.63 g_loss1: 20.53 g_loss2: 15.66 w_loss: 15.60 s_loss: 24.18 kl_loss: 0.15 
errD0: 0.00 errD1: 0.22 errD2: 0.02 
g_loss0: 28.05 g_loss1: 30.61 g_loss2: 20.92 w_loss: 13.76 s_loss: 28.45 kl_loss: 0.19 
errD0: 0.02 errD1: 0.01 errD2: 0.25 
g_loss0: 15.70 g_loss1: 38.73 g_loss2: 14.01 w_loss: 8.26 s_loss: 19.71 kl_loss: 0.17 
errD0: 0.01 errD1: 0.00 errD2: 0.01 
g_loss0: 16.06 g_loss1: 22.35 g_loss2: 14.21 w_loss: 24.29 s_loss: 34.25 kl_loss: 0.21 
errD0: 1.24 errD1: 0.04 errD2: 0.00 
g_loss0: 12.17 g_loss1: 28.85 g_loss2: 12.58 w_loss: 3.06 s_loss: 23.16 kl_loss: 0.23 
errD0: 0.01 errD1: 0.01 errD2: 1.45 
g_loss0: 16.69 g_loss1: 18.91 g_loss2: 16.77 w_loss: 4.60 s_loss: 15.96 kl_loss: 0.16 
errD0: 0.00 errD1: 0.03 errD2: 2.39 
g_loss0: 15.53 g_loss1: 15.98 g_loss2: 21.85 w_loss: 14.68 s_loss: 15.57 kl_loss: 0.13 
errD0: 0.00 errD1: 0.01 errD2: 0.01 
g_loss0: 20.18 g_loss1: 18.63 g_loss2: 17.12 w_loss: 15.88 s_loss: 24.42 kl_loss: 0.16 
errD0: 0.83 errD1: 0.02 errD2: 0.21 
g_loss0: 43.57 g_loss1: 12.37 g_loss2: 11.66 w_loss: 4.79 s_loss: 18.55 kl_loss: 0.17 
errD0: 0.02 errD1: 0.06 errD2: 0.58 
g_loss0: 12.90 g_loss1: 6.16 g_loss2: 26.50 w_loss: 20.94 s_loss: 40.32 kl_loss: 0.13 
errD0: 0.00 errD1: 0.02 errD2: 0.00 
g_loss0: 15.36 g_loss1: 10.42 g_loss2: 20.29 w_loss: 15.71 s_loss: 27.21 kl_loss: 0.22 
errD0: 0.04 errD1: 0.04 errD2: 1.60 
g_loss0: 12.58 g_loss1: 15.98 g_loss2: 17.93 w_loss: 22.06 s_loss: 33.42 kl_loss: 0.16 
errD0: 0.00 errD1: 0.61 errD2: 0.01 
g_loss0: 34.14 g_loss1: 24.67 g_loss2: 26.28 w_loss: 8.55 s_loss: 22.19 kl_loss: 0.27 
errD0: 0.01 errD1: 0.00 errD2: 0.01 
g_loss0: 15.97 g_loss1: 24.10 g_loss2: 11.95 w_loss: 17.94 s_loss: 24.10 kl_loss: 0.17 
errD0: 0.01 errD1: 0.01 errD2: 0.01 
g_loss0: 23.08 g_loss1: 22.09 g_loss2: 17.79 w_loss: 2.27 s_loss: 15.93 kl_loss: 0.21 
errD0: 0.07 errD1: 0.02 errD2: 0.05 
g_loss0: 13.57 g_loss1: 14.78 g_loss2: 14.98 w_loss: 11.73 s_loss: 23.23 kl_loss: 0.19 
errD0: 0.01 errD1: 0.19 errD2: 0.00 
g_loss0: 11.43 g_loss1: 15.40 g_loss2: 31.95 w_loss: 13.96 s_loss: 46.21 kl_loss: 0.19 
errD0: 0.03 errD1: 0.00 errD2: 0.01 
g_loss0: 12.32 g_loss1: 14.34 g_loss2: 15.13 w_loss: 6.28 s_loss: 25.03 kl_loss: 0.17 
[4/120][6898]
                  Loss_D: 0.02 Loss_G: 116.38 Time: 4903.16s
errD0: 0.00 errD1: 0.01 errD2: 0.00 
g_loss0: 19.66 g_loss1: 19.44 g_loss2: 19.93 w_loss: 32.37 s_loss: 45.01 kl_loss: 0.18 
errD0: 0.01 errD1: 0.00 errD2: 0.10 
g_loss0: 23.66 g_loss1: 31.18 g_loss2: 26.95 w_loss: 34.22 s_loss: 27.96 kl_loss: 0.18 
errD0: 0.39 errD1: 4.14 errD2: 0.51 
g_loss0: 25.38 g_loss1: 13.78 g_loss2: 10.61 w_loss: 3.11 s_loss: 16.36 kl_loss: 0.15 
errD0: 0.03 errD1: 0.00 errD2: 0.01 
g_loss0: 21.39 g_loss1: 25.93 g_loss2: 35.71 w_loss: 9.29 s_loss: 23.54 kl_loss: 0.20 
errD0: 0.00 errD1: 0.00 errD2: 0.00 
g_loss0: 18.68 g_loss1: 13.03 g_loss2: 16.45 w_loss: 13.42 s_loss: 30.58 kl_loss: 0.17 
errD0: 0.89 errD1: 0.01 errD2: 0.02 
g_loss0: 11.94 g_loss1: 11.15 g_loss2: 15.44 w_loss: 21.63 s_loss: 33.89 kl_loss: 0.15 
errD0: 0.02 errD1: 0.37 errD2: 0.14 
g_loss0: 25.59 g_loss1: 14.16 g_loss2: 17.18 w_loss: 25.57 s_loss: 42.54 kl_loss: 0.10 
errD0: 0.00 errD1: 0.26 errD2: 1.26 
g_loss0: 20.20 g_loss1: 11.75 g_loss2: 10.74 w_loss: 23.32 s_loss: 33.84 kl_loss: 0.15 
errD0: 0.03 errD1: 0.00 errD2: 0.00 
g_loss0: 12.93 g_loss1: 18.38 g_loss2: 20.19 w_loss: 10.31 s_loss: 28.78 kl_loss: 0.26 
errD0: 0.00 errD1: 0.03 errD2: 0.01 
g_loss0: 19.35 g_loss1: 16.46 g_loss2: 9.73 w_loss: 13.59 s_loss: 15.39 kl_loss: 0.24 
errD0: 0.00 errD1: 0.01 errD2: 0.01 
g_loss0: 27.55 g_loss1: 12.30 g_loss2: 29.06 w_loss: 5.40 s_loss: 31.48 kl_loss: 0.23 
errD0: 0.08 errD1: 0.11 errD2: 1.05 
g_loss0: 12.97 g_loss1: 8.87 g_loss2: 6.88 w_loss: 3.32 s_loss: 27.44 kl_loss: 0.23 
errD0: 0.56 errD1: 0.06 errD2: 0.05 
g_loss0: 16.58 g_loss1: 21.92 g_loss2: 10.32 w_loss: 23.01 s_loss: 27.00 kl_loss: 0.15 
errD0: 0.06 errD1: 0.07 errD2: 0.06 
g_loss0: 14.20 g_loss1: 25.93 g_loss2: 26.43 w_loss: 6.85 s_loss: 27.91 kl_loss: 0.24 
errD0: 0.00 errD1: 0.00 errD2: 0.09 
g_loss0: 23.46 g_loss1: 11.62 g_loss2: 11.09 w_loss: 4.26 s_loss: 10.56 kl_loss: 0.25 
errD0: 0.04 errD1: 0.08 errD2: 0.18 
g_loss0: 23.01 g_loss1: 23.69 g_loss2: 15.80 w_loss: 3.21 s_loss: 12.25 kl_loss: 0.20 
errD0: 0.04 errD1: 0.02 errD2: 0.07 
g_loss0: 20.47 g_loss1: 9.01 g_loss2: 23.34 w_loss: 16.75 s_loss: 35.43 kl_loss: 0.23 
errD0: 0.02 errD1: 0.09 errD2: 0.35 
g_loss0: 12.35 g_loss1: 10.61 g_loss2: 11.38 w_loss: 9.34 s_loss: 18.76 kl_loss: 0.16 
errD0: 0.00 errD1: 0.00 errD2: 0.05 
g_loss0: 22.73 g_loss1: 24.49 g_loss2: 17.18 w_loss: 14.10 s_loss: 34.82 kl_loss: 0.33 
errD0: 0.05 errD1: 0.02 errD2: 0.77 
g_loss0: 20.04 g_loss1: 13.55 g_loss2: 0.10 w_loss: 30.77 s_loss: 33.01 kl_loss: 0.19 
errD0: 0.00 errD1: 0.00 errD2: 0.36 
g_loss0: 20.28 g_loss1: 13.70 g_loss2: 21.52 w_loss: 18.66 s_loss: 20.30 kl_loss: 0.14 
errD0: 0.02 errD1: 0.00 errD2: 0.00 
g_loss0: 19.55 g_loss1: 14.93 g_loss2: 12.70 w_loss: 1.09 s_loss: 17.19 kl_loss: 0.18 
errD0: 0.00 errD1: 0.00 errD2: 0.01 
g_loss0: 27.32 g_loss1: 26.42 g_loss2: 13.95 w_loss: 1.52 s_loss: 7.54 kl_loss: 0.23 
errD0: 0.06 errD1: 0.03 errD2: 0.01 
g_loss0: 13.75 g_loss1: 26.62 g_loss2: 17.85 w_loss: 4.29 s_loss: 13.31 kl_loss: 0.27 
errD0: 0.06 errD1: 0.76 errD2: 2.29 
g_loss0: 15.67 g_loss1: 17.62 g_loss2: 2.49 w_loss: 5.69 s_loss: 28.81 kl_loss: 0.20 
errD0: 0.18 errD1: 0.04 errD2: 0.31 
g_loss0: 11.97 g_loss1: 23.28 g_loss2: 18.35 w_loss: 3.65 s_loss: 23.25 kl_loss: 0.18 
errD0: 0.06 errD1: 0.01 errD2: 0.00 
g_loss0: 11.99 g_loss1: 10.66 g_loss2: 21.79 w_loss: 9.12 s_loss: 17.06 kl_loss: 0.23 
errD0: 0.16 errD1: 0.48 errD2: 0.04 
g_loss0: 14.26 g_loss1: 38.44 g_loss2: 14.83 w_loss: 28.28 s_loss: 39.61 kl_loss: 0.22 
errD0: 0.04 errD1: 0.01 errD2: 1.05 
g_loss0: 14.23 g_loss1: 11.46 g_loss2: 35.81 w_loss: 20.04 s_loss: 28.54 kl_loss: 0.15 
errD0: 0.01 errD1: 0.72 errD2: 0.00 
g_loss0: 25.43 g_loss1: 4.76 g_loss2: 23.17 w_loss: 15.81 s_loss: 27.67 kl_loss: 0.17 
errD0: 0.45 errD1: 0.00 errD2: 0.01 
g_loss0: 12.89 g_loss1: 25.69 g_loss2: 12.20 w_loss: 12.32 s_loss: 27.50 kl_loss: 0.20 
errD0: 0.18 errD1: 0.08 errD2: 0.18 
g_loss0: 12.66 g_loss1: 14.51 g_loss2: 14.01 w_loss: 3.21 s_loss: 23.37 kl_loss: 0.23 
errD0: 0.11 errD1: 0.00 errD2: 0.00 
g_loss0: 18.27 g_loss1: 37.93 g_loss2: 20.48 w_loss: 1.08 s_loss: 6.62 kl_loss: 0.24 
errD0: 0.00 errD1: 0.01 errD2: 0.00 
g_loss0: 19.43 g_loss1: 21.44 g_loss2: 24.48 w_loss: 15.75 s_loss: 38.30 kl_loss: 0.24 
errD0: 0.02 errD1: 0.00 errD2: 0.01 
g_loss0: 15.41 g_loss1: 15.52 g_loss2: 18.96 w_loss: 2.41 s_loss: 16.08 kl_loss: 0.16 
errD0: 0.33 errD1: 0.00 errD2: 0.00 
g_loss0: 13.49 g_loss1: 19.19 g_loss2: 14.73 w_loss: 18.37 s_loss: 26.34 kl_loss: 0.18 
errD0: 0.17 errD1: 0.07 errD2: 0.01 
g_loss0: 9.01 g_loss1: 10.17 g_loss2: 9.68 w_loss: 14.05 s_loss: 24.48 kl_loss: 0.18 
errD0: 0.00 errD1: 0.00 errD2: 0.03 
g_loss0: 14.80 g_loss1: 18.90 g_loss2: 21.09 w_loss: 7.46 s_loss: 22.62 kl_loss: 0.19 
errD0: 0.00 errD1: 0.01 errD2: 0.00 
g_loss0: 14.72 g_loss1: 11.99 g_loss2: 14.75 w_loss: 8.22 s_loss: 20.19 kl_loss: 0.19 
errD0: 0.00 errD1: 1.07 errD2: 0.16 
g_loss0: 19.79 g_loss1: 26.56 g_loss2: 16.98 w_loss: 2.57 s_loss: 20.93 kl_loss: 0.15 
errD0: 0.03 errD1: 0.00 errD2: 0.00 
g_loss0: 12.90 g_loss1: 20.55 g_loss2: 23.63 w_loss: 13.66 s_loss: 27.93 kl_loss: 0.31 
errD0: 0.03 errD1: 0.08 errD2: 0.00 
g_loss0: 13.30 g_loss1: 23.43 g_loss2: 11.95 w_loss: 3.57 s_loss: 19.69 kl_loss: 0.16 
errD0: 0.03 errD1: 0.03 errD2: 1.10 
g_loss0: 18.43 g_loss1: 16.08 g_loss2: 16.23 w_loss: 1.04 s_loss: 23.61 kl_loss: 0.21 
errD0: 0.00 errD1: 0.00 errD2: 0.01 
g_loss0: 23.28 g_loss1: 25.96 g_loss2: 13.97 w_loss: 47.38 s_loss: 46.76 kl_loss: 0.17 
errD0: 0.00 errD1: 0.78 errD2: 0.05 
g_loss0: 24.66 g_loss1: 24.37 g_loss2: 19.00 w_loss: 7.97 s_loss: 11.27 kl_loss: 0.26 
errD0: 1.23 errD1: 0.27 errD2: 0.12 
g_loss0: 24.02 g_loss1: 22.90 g_loss2: 24.45 w_loss: 17.57 s_loss: 23.22 kl_loss: 0.19 
errD0: 0.02 errD1: 0.04 errD2: 0.01 
g_loss0: 14.32 g_loss1: 12.05 g_loss2: 14.77 w_loss: 15.17 s_loss: 25.14 kl_loss: 0.14 
errD0: 0.11 errD1: 0.01 errD2: 0.05 
g_loss0: 22.98 g_loss1: 21.36 g_loss2: 26.95 w_loss: 3.85 s_loss: 31.77 kl_loss: 0.22 
errD0: 0.16 errD1: 0.01 errD2: 0.62 
g_loss0: 18.71 g_loss1: 18.82 g_loss2: 2.88 w_loss: 4.88 s_loss: 19.78 kl_loss: 0.24 
errD0: 0.01 errD1: 0.01 errD2: 0.00 
g_loss0: 11.44 g_loss1: 17.11 g_loss2: 20.05 w_loss: 21.60 s_loss: 65.85 kl_loss: 0.23 
errD0: 0.01 errD1: 0.02 errD2: 0.00 
g_loss0: 21.70 g_loss1: 34.29 g_loss2: 24.75 w_loss: 2.67 s_loss: 31.44 kl_loss: 0.21 
errD0: 0.00 errD1: 0.01 errD2: 0.37 
g_loss0: 31.74 g_loss1: 14.53 g_loss2: 17.65 w_loss: 9.83 s_loss: 24.18 kl_loss: 0.21 
errD0: 0.01 errD1: 0.01 errD2: 0.06 
g_loss0: 8.75 g_loss1: 10.37 g_loss2: 16.88 w_loss: 13.25 s_loss: 18.12 kl_loss: 0.20 
errD0: 0.00 errD1: 0.01 errD2: 0.00 
g_loss0: 32.29 g_loss1: 16.65 g_loss2: 11.83 w_loss: 10.32 s_loss: 17.83 kl_loss: 0.25 
errD0: 0.02 errD1: 0.00 errD2: 0.00 
g_loss0: 25.50 g_loss1: 11.51 g_loss2: 15.04 w_loss: 9.57 s_loss: 29.66 kl_loss: 0.25 
errD0: 0.00 errD1: 0.02 errD2: 3.47 
g_loss0: 18.17 g_loss1: 11.84 g_loss2: 17.69 w_loss: 6.03 s_loss: 19.19 kl_loss: 0.22 
errD0: 0.33 errD1: 0.02 errD2: 0.04 
g_loss0: 15.39 g_loss1: 16.88 g_loss2: 13.15 w_loss: 3.04 s_loss: 7.63 kl_loss: 0.22 
errD0: 0.01 errD1: 0.04 errD2: 0.31 
g_loss0: 17.85 g_loss1: 9.64 g_loss2: 12.60 w_loss: 5.27 s_loss: 17.53 kl_loss: 0.21 
errD0: 0.06 errD1: 0.08 errD2: 0.12 
g_loss0: 14.62 g_loss1: 21.92 g_loss2: 15.86 w_loss: 3.78 s_loss: 46.39 kl_loss: 0.18 
errD0: 0.01 errD1: 0.32 errD2: 0.01 
g_loss0: 18.64 g_loss1: 33.98 g_loss2: 13.45 w_loss: 8.16 s_loss: 39.97 kl_loss: 0.23 
errD0: 0.00 errD1: 0.12 errD2: 0.02 
g_loss0: 24.34 g_loss1: 16.65 g_loss2: 11.50 w_loss: 2.73 s_loss: 26.19 kl_loss: 0.23 
errD0: 0.00 errD1: 0.23 errD2: 0.02 
g_loss0: 21.29 g_loss1: 15.74 g_loss2: 10.37 w_loss: 9.29 s_loss: 31.83 kl_loss: 0.21 
errD0: 0.20 errD1: 0.02 errD2: 0.02 
g_loss0: 21.23 g_loss1: 22.73 g_loss2: 12.10 w_loss: 6.99 s_loss: 20.76 kl_loss: 0.18 
errD0: 0.01 errD1: 0.09 errD2: 0.03 
g_loss0: 16.51 g_loss1: 11.96 g_loss2: 10.12 w_loss: 27.13 s_loss: 34.87 kl_loss: 0.20 
errD0: 0.00 errD1: 0.00 errD2: 0.00 
g_loss0: 23.17 g_loss1: 23.30 g_loss2: 17.05 w_loss: 2.69 s_loss: 22.92 kl_loss: 0.19 
errD0: 0.01 errD1: 0.02 errD2: 0.04 
g_loss0: 19.73 g_loss1: 28.66 g_loss2: 9.31 w_loss: 13.03 s_loss: 18.75 kl_loss: 0.21 
errD0: 0.00 errD1: 0.00 errD2: 0.01 
g_loss0: 19.46 g_loss1: 19.03 g_loss2: 18.25 w_loss: 19.06 s_loss: 17.27 kl_loss: 0.23 
errD0: 0.07 errD1: 0.33 errD2: 0.07 
g_loss0: 20.35 g_loss1: 10.04 g_loss2: 11.01 w_loss: 3.76 s_loss: 29.13 kl_loss: 0.18 
errD0: 0.00 errD1: 0.04 errD2: 0.34 
g_loss0: 22.20 g_loss1: 12.22 g_loss2: 13.70 w_loss: 17.85 s_loss: 39.56 kl_loss: 0.21 
[5/120][6898]
                  Loss_D: 0.27 Loss_G: 77.41 Time: 4943.15s
Save G/Ds models.
